<?xml version="1.0" encoding="UTF-8"?>
<testng-results ignored="0" total="1" passed="1" failed="0" skipped="0">
  <reporter-output>
  </reporter-output>
  <suite started-at="2025-03-20T10:48:41 IST" name="Default suite" finished-at="2025-03-20T10:48:54 IST" duration-ms="12140">
    <groups>
    </groups>
    <test started-at="2025-03-20T10:48:41 IST" name="Default test" finished-at="2025-03-20T10:48:54 IST" duration-ms="12140">
      <class name="com.api.tests.LoginAPITest">
        <test-method signature="loginTest()[pri:0, instance:com.api.tests.LoginAPITest@34a3d150]" started-at="2025-03-20T10:48:42 IST" name="loginTest" description="verify if login API is working" finished-at="2025-03-20T10:48:54 IST" duration-ms="11772" status="PASS">
          <reporter-output>
          </reporter-output>
        </test-method> <!-- loginTest -->
      </class> <!-- com.api.tests.LoginAPITest -->
    </test> <!-- Default test -->
  </suite> <!-- Default suite -->
</testng-results>
